0 info it worked if it ends with ok
1 verbose cli [ 'c:\\Program Files\\nodejs\\node.exe',
1 verbose cli   'c:\\Program Files\\nodejs\\node_modules\\npm\\bin\\npm-cli.js',
1 verbose cli   'publish' ]
2 info using npm@1.3.8
3 info using node@v0.10.17
4 verbose publish [ '.' ]
5 verbose cache add [ '.', null ]
6 verbose cache add name=undefined spec="." args=[".",null]
7 verbose parsed url { protocol: null,
7 verbose parsed url   slashes: null,
7 verbose parsed url   auth: null,
7 verbose parsed url   host: null,
7 verbose parsed url   port: null,
7 verbose parsed url   hostname: null,
7 verbose parsed url   hash: null,
7 verbose parsed url   search: null,
7 verbose parsed url   query: null,
7 verbose parsed url   pathname: '.',
7 verbose parsed url   path: '.',
7 verbose parsed url   href: '.' }
8 silly lockFile 3a52ce78- .
9 verbose lock . C:\Users\denny\AppData\Roaming\npm-cache\3a52ce78-.lock
10 verbose tar pack [ 'C:\\Users\\denny\\AppData\\Local\\Temp\\npm-42888-6Ms90dhM\\1391558163440-0.5797254622448236\\tmp.tgz',
10 verbose tar pack   '.' ]
11 verbose tarball C:\Users\denny\AppData\Local\Temp\npm-42888-6Ms90dhM\1391558163440-0.5797254622448236\tmp.tgz
12 verbose folder .
13 silly lockFile 1f1177db-tar tar://.
14 verbose lock tar://. C:\Users\denny\AppData\Roaming\npm-cache\1f1177db-tar.lock
15 silly lockFile 87cfd7a1-63440-0-5797254622448236-tmp-tgz tar://C:\Users\denny\AppData\Local\Temp\npm-42888-6Ms90dhM\1391558163440-0.5797254622448236\tmp.tgz
16 verbose lock tar://C:\Users\denny\AppData\Local\Temp\npm-42888-6Ms90dhM\1391558163440-0.5797254622448236\tmp.tgz C:\Users\denny\AppData\Roaming\npm-cache\87cfd7a1-63440-0-5797254622448236-tmp-tgz.lock
17 silly lockFile 1f1177db-tar tar://.
18 silly lockFile 1f1177db-tar tar://.
19 silly lockFile 87cfd7a1-63440-0-5797254622448236-tmp-tgz tar://C:\Users\denny\AppData\Local\Temp\npm-42888-6Ms90dhM\1391558163440-0.5797254622448236\tmp.tgz
20 silly lockFile 87cfd7a1-63440-0-5797254622448236-tmp-tgz tar://C:\Users\denny\AppData\Local\Temp\npm-42888-6Ms90dhM\1391558163440-0.5797254622448236\tmp.tgz
21 verbose tar unpack C:\Users\denny\AppData\Local\Temp\npm-42888-6Ms90dhM\1391558163440-0.5797254622448236\tmp.tgz
22 silly lockFile 8b4306fc-63440-0-5797254622448236-package tar://C:\Users\denny\AppData\Local\Temp\npm-42888-6Ms90dhM\1391558163440-0.5797254622448236\package
23 verbose lock tar://C:\Users\denny\AppData\Local\Temp\npm-42888-6Ms90dhM\1391558163440-0.5797254622448236\package C:\Users\denny\AppData\Roaming\npm-cache\8b4306fc-63440-0-5797254622448236-package.lock
24 silly lockFile 87cfd7a1-63440-0-5797254622448236-tmp-tgz tar://C:\Users\denny\AppData\Local\Temp\npm-42888-6Ms90dhM\1391558163440-0.5797254622448236\tmp.tgz
25 verbose lock tar://C:\Users\denny\AppData\Local\Temp\npm-42888-6Ms90dhM\1391558163440-0.5797254622448236\tmp.tgz C:\Users\denny\AppData\Roaming\npm-cache\87cfd7a1-63440-0-5797254622448236-tmp-tgz.lock
26 silly gunzTarPerm modes [ '755', '644' ]
27 silly gunzTarPerm extractEntry package.json
28 silly gunzTarPerm modified mode [ 'package.json', 438, 420 ]
29 silly gunzTarPerm extractEntry .npmignore
30 silly gunzTarPerm modified mode [ '.npmignore', 438, 420 ]
31 silly gunzTarPerm extractEntry bin/mdbp
32 silly gunzTarPerm modified mode [ 'bin/mdbp', 438, 420 ]
33 silly lockFile 8b4306fc-63440-0-5797254622448236-package tar://C:\Users\denny\AppData\Local\Temp\npm-42888-6Ms90dhM\1391558163440-0.5797254622448236\package
34 silly lockFile 8b4306fc-63440-0-5797254622448236-package tar://C:\Users\denny\AppData\Local\Temp\npm-42888-6Ms90dhM\1391558163440-0.5797254622448236\package
35 silly lockFile 87cfd7a1-63440-0-5797254622448236-tmp-tgz tar://C:\Users\denny\AppData\Local\Temp\npm-42888-6Ms90dhM\1391558163440-0.5797254622448236\tmp.tgz
36 silly lockFile 87cfd7a1-63440-0-5797254622448236-tmp-tgz tar://C:\Users\denny\AppData\Local\Temp\npm-42888-6Ms90dhM\1391558163440-0.5797254622448236\tmp.tgz
37 verbose tar pack [ 'C:\\Users\\denny\\AppData\\Roaming\\npm-cache\\mdbp\\0.0.1\\package.tgz',
37 verbose tar pack   'C:\\Users\\denny\\AppData\\Local\\Temp\\npm-42888-6Ms90dhM\\1391558163440-0.5797254622448236\\package' ]
38 verbose tarball C:\Users\denny\AppData\Roaming\npm-cache\mdbp\0.0.1\package.tgz
39 verbose folder C:\Users\denny\AppData\Local\Temp\npm-42888-6Ms90dhM\1391558163440-0.5797254622448236\package
40 silly lockFile 8b4306fc-63440-0-5797254622448236-package tar://C:\Users\denny\AppData\Local\Temp\npm-42888-6Ms90dhM\1391558163440-0.5797254622448236\package
41 verbose lock tar://C:\Users\denny\AppData\Local\Temp\npm-42888-6Ms90dhM\1391558163440-0.5797254622448236\package C:\Users\denny\AppData\Roaming\npm-cache\8b4306fc-63440-0-5797254622448236-package.lock
42 silly lockFile 5726ac50-npm-cache-mdbp-0-0-1-package-tgz tar://C:\Users\denny\AppData\Roaming\npm-cache\mdbp\0.0.1\package.tgz
43 verbose lock tar://C:\Users\denny\AppData\Roaming\npm-cache\mdbp\0.0.1\package.tgz C:\Users\denny\AppData\Roaming\npm-cache\5726ac50-npm-cache-mdbp-0-0-1-package-tgz.lock
44 silly lockFile 8b4306fc-63440-0-5797254622448236-package tar://C:\Users\denny\AppData\Local\Temp\npm-42888-6Ms90dhM\1391558163440-0.5797254622448236\package
45 silly lockFile 8b4306fc-63440-0-5797254622448236-package tar://C:\Users\denny\AppData\Local\Temp\npm-42888-6Ms90dhM\1391558163440-0.5797254622448236\package
46 silly lockFile 5726ac50-npm-cache-mdbp-0-0-1-package-tgz tar://C:\Users\denny\AppData\Roaming\npm-cache\mdbp\0.0.1\package.tgz
47 silly lockFile 5726ac50-npm-cache-mdbp-0-0-1-package-tgz tar://C:\Users\denny\AppData\Roaming\npm-cache\mdbp\0.0.1\package.tgz
48 silly lockFile 51eb4f94-ing-npm-cache-mdbp-0-0-1-package C:\Users\denny\AppData\Roaming\npm-cache\mdbp\0.0.1\package
49 verbose lock C:\Users\denny\AppData\Roaming\npm-cache\mdbp\0.0.1\package C:\Users\denny\AppData\Roaming\npm-cache\51eb4f94-ing-npm-cache-mdbp-0-0-1-package.lock
50 silly lockFile 51eb4f94-ing-npm-cache-mdbp-0-0-1-package C:\Users\denny\AppData\Roaming\npm-cache\mdbp\0.0.1\package
51 silly lockFile 51eb4f94-ing-npm-cache-mdbp-0-0-1-package C:\Users\denny\AppData\Roaming\npm-cache\mdbp\0.0.1\package
52 verbose tar unpack C:\Users\denny\AppData\Roaming\npm-cache\mdbp\0.0.1\package.tgz
53 silly lockFile 4487ef0f-ing-npm-cache-mdbp-0-0-1-package tar://C:\Users\denny\AppData\Roaming\npm-cache\mdbp\0.0.1\package
54 verbose lock tar://C:\Users\denny\AppData\Roaming\npm-cache\mdbp\0.0.1\package C:\Users\denny\AppData\Roaming\npm-cache\4487ef0f-ing-npm-cache-mdbp-0-0-1-package.lock
55 silly lockFile 5726ac50-npm-cache-mdbp-0-0-1-package-tgz tar://C:\Users\denny\AppData\Roaming\npm-cache\mdbp\0.0.1\package.tgz
56 verbose lock tar://C:\Users\denny\AppData\Roaming\npm-cache\mdbp\0.0.1\package.tgz C:\Users\denny\AppData\Roaming\npm-cache\5726ac50-npm-cache-mdbp-0-0-1-package-tgz.lock
57 silly gunzTarPerm modes [ '755', '644' ]
58 silly gunzTarPerm extractEntry package.json
59 silly gunzTarPerm modified mode [ 'package.json', 438, 420 ]
60 silly gunzTarPerm extractEntry .npmignore
61 silly gunzTarPerm modified mode [ '.npmignore', 438, 420 ]
62 silly gunzTarPerm extractEntry bin/mdbp
63 silly gunzTarPerm modified mode [ 'bin/mdbp', 438, 420 ]
64 silly lockFile 4487ef0f-ing-npm-cache-mdbp-0-0-1-package tar://C:\Users\denny\AppData\Roaming\npm-cache\mdbp\0.0.1\package
65 silly lockFile 4487ef0f-ing-npm-cache-mdbp-0-0-1-package tar://C:\Users\denny\AppData\Roaming\npm-cache\mdbp\0.0.1\package
66 silly lockFile 5726ac50-npm-cache-mdbp-0-0-1-package-tgz tar://C:\Users\denny\AppData\Roaming\npm-cache\mdbp\0.0.1\package.tgz
67 silly lockFile 5726ac50-npm-cache-mdbp-0-0-1-package-tgz tar://C:\Users\denny\AppData\Roaming\npm-cache\mdbp\0.0.1\package.tgz
68 verbose chmod C:\Users\denny\AppData\Roaming\npm-cache\mdbp\0.0.1\package.tgz 644
69 silly chown skipping for windows C:\Users\denny\AppData\Roaming\npm-cache\mdbp\0.0.1\package.tgz
70 silly lockFile 3a52ce78- .
71 silly lockFile 3a52ce78- .
72 silly publish { name: 'mdbp',
72 silly publish   description: 'markup driven build process',
72 silly publish   version: '0.0.1',
72 silly publish   homepage: 'https://github.com/dombojs/mdbp',
72 silly publish   author: { name: 'dshimkoski', email: 'denny.webdev@gmail.com' },
72 silly publish   repository: { type: 'git', url: 'git://github.com/dombojs/mdbp.git' },
72 silly publish   bugs: { url: 'https://github.com/dombojs/mdbp/issues' },
72 silly publish   keywords: [ 'mdbp' ],
72 silly publish   preferGlobal: 'true',
72 silly publish   bin: { mdbp: './bin/mdbp' },
72 silly publish   dependencies:
72 silly publish    { 'css-parse': '~1.7.0',
72 silly publish      glob: '~3.2.8',
72 silly publish      'component-builder': '~0.12.0',
72 silly publish      winston: '~0.7.2',
72 silly publish      cheerio: '~0.13.1',
72 silly publish      shelljs: '~0.2.6' },
72 silly publish   license: 'MIT',
72 silly publish   engines: { node: '>= 0.8.0' },
72 silly publish   readme: 'ERROR: No README data found!',
72 silly publish   _id: 'mdbp@0.0.1',
72 silly publish   dist: { shasum: '17c019703868e7fe455ff5e3198053508baa5621' },
72 silly publish   _from: '.' }
73 verbose url raw mdbp
74 verbose url resolving [ 'https://registry.npmjs.org/', './mdbp' ]
75 verbose url resolved https://registry.npmjs.org/mdbp
76 info trying registry request attempt 1 at 18:56:03
77 http PUT https://registry.npmjs.org/mdbp
78 http 409 https://registry.npmjs.org/mdbp
79 verbose url raw mdbp
80 verbose url resolving [ 'https://registry.npmjs.org/', './mdbp' ]
81 verbose url resolved https://registry.npmjs.org/mdbp
82 info trying registry request attempt 1 at 18:56:04
83 http GET https://registry.npmjs.org/mdbp
84 http 200 https://registry.npmjs.org/mdbp
85 error publish fail Cannot publish over existing version.
85 error publish fail Update the 'version' field in package.json and try again.
85 error publish fail
85 error publish fail If the previous version was published in error, see:
85 error publish fail     npm help unpublish
85 error publish fail
85 error publish fail To automatically increment version numbers, see:
85 error publish fail     npm help version
86 error System Windows_NT 6.1.7601
87 error command "c:\\Program Files\\nodejs\\node.exe" "c:\\Program Files\\nodejs\\node_modules\\npm\\bin\\npm-cli.js" "publish"
88 error cwd c:\projects\test\mdbp\.mdbp\node_modules\mdbp
89 error node -v v0.10.17
90 error npm -v 1.3.8
91 error code EPUBLISHCONFLICT
92 verbose exit [ 1, true ]
